 This run of the CFX 2022 R2 Solver started at 09:40:01 on 11 Nov 2023
 by user dspol on DESKTOP-N31IODP (intel_xeon64.sse2_winnt) using the
 command:
 
  "C:\Program Files\ANSYS Inc\v222\CFX\bin\perllib\cfx5solve.pl"
    -stdout-comms -batch -ccl -
 
 2022 R2
 
  Point Releases and Patches installed:
  ANSYS, Inc. License Manager 2022 R2
  CFX (includes CFD-Post) 2022 R2
  SpaceClaim 2022 R2
  ICEM CFD 2022 R2
 
 Setting up CFX Solver run ...
 
 
 +--------------------------------------------------------------------+
 |                                                                    |
 |                    CFX Command Language for Run                    |
 |                                                                    |
 +--------------------------------------------------------------------+
 
 LIBRARY:
   CEL:
     EXPRESSIONS:
       uref = 63.47613934
     END
   END
   MATERIAL: Air at 25 C
     Material Description = Air at 25 C and 1 atm (dry)
     Material Group = Air Data, Constant Property Gases
     Option = Pure Substance
     Thermodynamic State = Gas
     PROPERTIES:
       Option = General Material
       EQUATION OF STATE:
         Density = 1.185 [kg m^-3]
         Molar Mass = 28.96 [kg kmol^-1]
         Option = Value
       END
       SPECIFIC HEAT CAPACITY:
         Option = Value
         Specific Heat Capacity = 1.0044E+03 [J kg^-1 K^-1]
         Specific Heat Type = Constant Pressure
       END
       REFERENCE STATE:
         Option = Specified Point
         Reference Pressure = 1 [atm]
         Reference Specific Enthalpy = 0. [J/kg]
         Reference Specific Entropy = 0. [J/kg/K]
         Reference Temperature = 25 [C]
       END
       DYNAMIC VISCOSITY:
         Dynamic Viscosity = 1.831E-05 [kg m^-1 s^-1]
         Option = Value
       END
       THERMAL CONDUCTIVITY:
         Option = Value
         Thermal Conductivity = 2.61E-02 [W m^-1 K^-1]
       END
       ABSORPTION COEFFICIENT:
         Absorption Coefficient = 0.01 [m^-1]
         Option = Value
       END
       SCATTERING COEFFICIENT:
         Option = Value
         Scattering Coefficient = 0.0 [m^-1]
       END
       REFRACTIVE INDEX:
         Option = Value
         Refractive Index = 1.0 [m m^-1]
       END
       THERMAL EXPANSIVITY:
         Option = Value
         Thermal Expansivity = 0.003356 [K^-1]
       END
     END
   END
 END
 FLOW: Flow Analysis 1
   SOLUTION UNITS:
     Angle Units = [rad]
     Length Units = [m]
     Mass Units = [kg]
     Solid Angle Units = [sr]
     Temperature Units = [K]
     Time Units = [s]
   END
   ANALYSIS TYPE:
     Option = Steady State
     EXTERNAL SOLVER COUPLING:
       Option = None
     END
   END
   DOMAIN: Default Domain
     Coord Frame = Coord 0
     Domain Type = Fluid
     Location = SOLID
     BOUNDARY: Farfield
       Boundary Type = WALL
       Location = FAR_FIELD
       BOUNDARY CONDITIONS:
         HEAT TRANSFER:
           Option = Adiabatic
         END
         MASS AND MOMENTUM:
           Option = Free Slip Wall
         END
       END
     END
     BOUNDARY: Flap
       Boundary Type = WALL
       Location = FLAP
       BOUNDARY CONDITIONS:
         HEAT TRANSFER:
           Option = Adiabatic
         END
         MASS AND MOMENTUM:
           Option = No Slip Wall
         END
         WALL ROUGHNESS:
           Option = Smooth Wall
         END
       END
     END
     BOUNDARY: Inlet
       Boundary Type = INLET
       Location = INLET
       BOUNDARY CONDITIONS:
         FLOW REGIME:
           Option = Subsonic
         END
         HEAT TRANSFER:
           Option = Static Temperature
           Static Temperature = 293 [K]
         END
         MASS AND MOMENTUM:
           Option = Cartesian Velocity Components
           U = uref [m s^-1]
           V = 0 [m s^-1]
           W = 0 [m s^-1]
         END
         TURBULENCE:
           Option = Low Intensity and Eddy Viscosity Ratio
         END
       END
     END
     BOUNDARY: Outlet
       Boundary Type = OUTLET
       Location = OUTLET
       BOUNDARY CONDITIONS:
         FLOW REGIME:
           Option = Subsonic
         END
         MASS AND MOMENTUM:
           Option = Average Static Pressure
           Pressure Profile Blend = 0.05
           Relative Pressure = -2390.571253 [Pa]
         END
         PRESSURE AVERAGING:
           Option = Average Over Whole Outlet
         END
       END
     END
     BOUNDARY: Symmetry
       Boundary Type = SYMMETRY
       Location = RIGHT_SYMMETRY,LEFT_SYMMETRY
     END
     BOUNDARY: Wing
       Boundary Type = WALL
       Location = WING
       BOUNDARY CONDITIONS:
         HEAT TRANSFER:
           Option = Adiabatic
         END
         MASS AND MOMENTUM:
           Option = No Slip Wall
         END
         WALL ROUGHNESS:
           Option = Smooth Wall
         END
       END
     END
     DOMAIN MODELS:
       BUOYANCY MODEL:
         Option = Non Buoyant
       END
       DOMAIN MOTION:
         Option = Stationary
       END
       MESH DEFORMATION:
         Option = None
       END
       REFERENCE PRESSURE:
         Reference Pressure = 101325 [Pa]
       END
     END
     FLUID DEFINITION: Fluid 1
       Material = Air at 25 C
       Option = Material Library
       MORPHOLOGY:
         Option = Continuous Fluid
       END
     END
     FLUID MODELS:
       COMBUSTION MODEL:
         Option = None
       END
       HEAT TRANSFER MODEL:
         Include Viscous Work Term = True
         Option = Total Energy
       END
       THERMAL RADIATION MODEL:
         Option = None
       END
       TURBULENCE MODEL:
         Option = k omega
       END
       TURBULENT WALL FUNCTIONS:
         High Speed Model = Off
         Option = Automatic
       END
     END
   END
   OUTPUT CONTROL:
     MONITOR OBJECTS:
       MONITOR BALANCES:
         Option = Full
       END
       MONITOR FORCES:
         Option = Full
       END
       MONITOR PARTICLES:
         Option = Full
       END
       MONITOR RESIDUALS:
         Option = Full
       END
       MONITOR TOTALS:
         Option = Full
       END
     END
     RESULTS:
       File Compression Level = None
       Option = Standard
     END
   END
   SOLVER CONTROL:
     Turbulence Numerics = High Resolution
     ADVECTION SCHEME:
       Option = High Resolution
     END
     CONVERGENCE CONTROL:
       Length Scale Option = Conservative
       Maximum Number of Iterations = 1000
       Minimum Number of Iterations = 1
       Timescale Control = Auto Timescale
       Timescale Factor = 1.0
     END
     CONVERGENCE CRITERIA:
       Residual Target = 1e-5
       Residual Type = RMS
     END
     DYNAMIC MODEL CONTROL:
       Global Dynamic Model Control = On
     END
     INTERRUPT CONTROL:
       Option = Any Interrupt
       CONVERGENCE CONDITIONS:
         Option = Default Conditions
       END
     END
   END
   EXPERT PARAMETERS:
     vector parallel tolerance = 10
   END
 END
 COMMAND FILE:
   Version = 22.2
   Results Version = 22.2
 END
 SIMULATION CONTROL:
   EXECUTION CONTROL:
     EXECUTABLE SELECTION:
       Double Precision = No
       Large Problem = No
     END
     INTERPOLATOR STEP CONTROL:
       Runtime Priority = Standard
       MEMORY CONTROL:
         Memory Allocation Factor = 1.0
         Option = Model Based
       END
     END
     PARALLEL HOST LIBRARY:
       HOST DEFINITION: desktopn31iodp
         Remote Host Name = DESKTOP-N31IODP
         Host Architecture String = winnt-amd64
         Installation Root = C:\Program Files\ANSYS Inc\v%v\CFX
       END
     END
     PARTITIONER STEP CONTROL:
       Multidomain Option = Automatic
       Runtime Priority = Standard
       MEMORY CONTROL:
         Memory Allocation Factor = 1.0
         Option = Model Based
       END
       PARTITION SMOOTHING:
         Maximum Partition Smoothing Sweeps = 100
         Option = Smooth
       END
       PARTITIONING TYPE:
         MeTiS Type = k-way
         Option = MeTiS
         Partition Size Rule = Automatic
         Partition Weight Factors = 0.10000, 0.10000, 0.10000, 0.10000, \
           0.10000, 0.10000, 0.10000, 0.10000, 0.10000, 0.10000
       END
     END
     RUN DEFINITION:
       Run Mode = Full
       Solver Input File = C:/Users/dspol/Desktop/Safety/aoa_6.def
       Solver Results File = C:\Users\dspol\Desktop\Safety\aoa_6_004.res
     END
     SOLVER STEP CONTROL:
       Runtime Priority = Standard
       MEMORY CONTROL:
         Memory Allocation Factor = 1.0
         Option = Model Based
       END
       PARALLEL ENVIRONMENT:
         Number of Processes = 10
         Start Method = Intel MPI Local Parallel
         Parallel Host List = desktopn31iodp*10
       END
     END
   END
 END
 
 
 +--------------------------------------------------------------------+
 |                                                                    |
 |                            Partitioning                            |
 |                                                                    |
 +--------------------------------------------------------------------+
 



 +--------------------------------------------------------------------+
 |                                                                    |
 |                     ANSYS(R) CFX(R) Partitioner                    |
 |                                                                    |
 | 2022 R2                                                            |
 | Build 22.2 2022-05-16T13:53:36.075406                              |
 | Mon May 16 15:48:02 EDT 2022                                       |
 |                                                                    |
 |                        Executable Attributes                       |
 |                                                                    |
 |           single-64bit-int32-archfort-optimised-std-lcomp          |
 |                                                                    |
 | (C) 1996-2022 ANSYS, Inc.                                          |
 |                                                                    |
 | All rights reserved. Unauthorized use, distribution or duplication |
 | is prohibited. This product is subject to U.S. laws governing      |
 | export and re-export. For full Legal Notice, see documentation.    |
 +--------------------------------------------------------------------+




 +--------------------------------------------------------------------+
 |                  Job Information at Start of Run                   |
 +--------------------------------------------------------------------+

 Run mode:       partitioning run

 Host computer:  DESKTOP-N31IODP (PID:9208)

 Job started:    Sat Nov 11 09:40:05 2023

 +--------------------------------------------------------------------+
 |                        License Information                         |
 +--------------------------------------------------------------------+
 
 License Cap:    ANSYS CFD Solver
 License ID:     DESKTOP-N31IODP-dspol-19860-000004
 
 License Cap:    ANSYS HPC Parallel
 License ID:     DESKTOP-N31IODP-dspol-19860-000031

 INFO: You are using an academic license.


 +--------------------------------------------------------------------+
 |         Initial Memory Allocation  (Actual usage may vary)         |
 +--------------------------------------------------------------------+

           | Real       | Integer    | Character | Logical  | Double
 ----------+------------+------------+-----------+----------+----------
 Mwords    |       3.80 |      23.46 |      8.08 |     0.12 |     1.20
 Mbytes    |      14.50 |      89.51 |      7.70 |     0.46 |     9.16
 ----------+------------+------------+-----------+----------+----------


 +--------------------------------------------------------------------+
 |            Host Memory Information (Mbytes): Partitioner           |
 +--------------------------------------------------------------------+
 |          Host           |     System     |   Allocated    |   %    |
 +-------------------------+----------------+----------------+--------+
 | DESKTOP-N31IODP         |     16189.72   |       121.33   |   0.75 |
 +-------------------------+----------------+----------------+--------+

 +--------------------------------------------------------------------+
 | The MeTiS partitioning method allocates additional memory.         |
 | Total memory usage will therefore exceed the values shown above.   |
 +--------------------------------------------------------------------+

 +--------------------------------------------------------------------+
 |                       ****** Notice ******                         |
 |                                                                    |
 | One or more expert parameters have been enabled. Note that expert  |
 | parameters are intended for use only by customers who are          |
 | experienced in the use of CFX, or who have been instructed to use  |
 | them by ANSYS Customer Support. Use of the parameters is not fully |
 | supported, and may have unexpected or unintended consequences both |
 | for the quality of results and the performance of the CFX-Solver.  |
 +--------------------------------------------------------------------+

 +--------------------------------------------------------------------+
 |                      Topology Simplification                       |
 +--------------------------------------------------------------------+

 +--------------------------------------------------------------------+
 |                       ****** Warning ******                        |
 |                                                                    |
 | Topology simplification is activated with the following            |
 | restrictions:                                                      |
 |                                                                    |
 | - Mesh regions referenced only within User Fortran and NOT         |
 |   in the command file will cause the solver to stop.               |
 | - The solver will stop during any "Edit Run in Progress" step      |
 |   if new 2D regions are referenced.                                |
 +--------------------------------------------------------------------+

 +--------------------------------------------------------------------+
 |                          Mesh Statistics                           |
 +--------------------------------------------------------------------+

 Domain Name : Default Domain

     Total Number of Nodes                                =      400216

     Total Number of Elements                             =      199192
         Total Number of Hexahedrons                      =      199192

     Total Number of Faces                                =      400218

 +--------------------------------------------------------------------+
 |                     Vertex Based Partitioning                      |
 +--------------------------------------------------------------------+

 Partitioning of domain: Default Domain

 - Partitioning tool:       MeTiS multilevel k-way algorithm
 - Number of partitions:            10
 - Number of graph-nodes:       400216
 - Number of graph-edges:      1997420

 +--------------------------------------------------------------------+
 |                 Iso-Partition Connection Statistics                |
 +--------------------------------------------------------------------+
 | Domains in Group          |        |           Vertices            |
 |                           | Smooth +---------+----------+----------+
 |                           | Sweeps |  Moves  |   <25%   |   <50%   |
 +---------------------------+--------+---------+----------+----------+
 | Default Domain            |     1  |       0 |       0  |       0  |
 +---------------------------+--------+---------+----------+----------+

 +--------------------------------------------------------------------+
 |                      Partitioning Information                      |
 +--------------------------------------------------------------------+

 Partitioning information for domain: Default Domain

        +------------------+------------------------+-----------------+
        |     Elements     |        Vertices        |     Faces       |
 +------+------------------+------------------------+-----------------+
 | Part |   Number     %   |   Number     %   %Ovlp |  Number     %   |
 +------+------------------+------------------------+-----------------+
 | Full |    199192        |    400216              |   400218        |
 +------+------------------+------------------------+-----------------+
 |    1 |     19961    9.9 |     40596    9.9   1.7 |    40240    9.9 |
 |    2 |     20822   10.3 |     42414   10.3   3.2 |    41732   10.3 |
 |    3 |     20124   10.0 |     40966   10.0   2.4 |    40470   10.0 |
 |    4 |     19915    9.9 |     40690    9.9   3.0 |    40070    9.9 |
 |    5 |     20196   10.0 |     41074   10.0   2.6 |    40546   10.0 |
 |    6 |     20060    9.9 |     40836    9.9   3.2 |    40178    9.9 |
 |    7 |     20040    9.9 |     40810    9.9   2.8 |    40240    9.9 |
 |    8 |     20049    9.9 |     40868    9.9   2.7 |    40308    9.9 |
 |    9 |     19944    9.9 |     40620    9.9   2.0 |    40204    9.9 |
 |   10 |     20870   10.3 |     42542   10.3   3.4 |    41822   10.3 |
 +------+------------------+------------------------+-----------------+
 | Min  |     19915    9.9 |     40596    9.9   1.7 |    40070    9.9 |
 |(part)|           (    4)|           (    1     1)|          (    4)|
 +------+------------------+------------------------+-----------------+
 | Max  |     20870   10.3 |     42542   10.3   3.4 |    41822   10.3 |
 |(part)|           (   10)|           (   10    10)|          (   10)|
 +------+------------------+------------------------+-----------------+
 | Ave  |     20198   10.0 |     41142   10.0   2.7 |    40581   10.0 |
 +------+------------------+------------------------+-----------------+
 | Sum  |    201981  100.0 |    411416  100.0       |   405810  100.0 |
 +------+------------------+------------------------+-----------------+


 +--------------------------------------------------------------------+
 |            Host Memory Information (Mbytes): Partitioner           |
 +--------------------------------------------------------------------+
 |          Host           |     System     |      Peak      |   %    |
 +-------------------------+----------------+----------------+--------+
 | DESKTOP-N31IODP         |     16189.72   |       150.71   |   0.93 |
 +-------------------------+----------------+----------------+--------+

 +--------------------------------------------------------------------+
 |                CPU Time Requirements of Partitioner                |
 +--------------------------------------------------------------------+
 
 Preparations                   6.50E-02    1.5 %
 Low-level Mesh Partitioning    1.96E-01    4.6 %
 File Reading                   4.41E-01   10.2 %
 Partition Smoothing            8.60E-02    2.0 %
 Topology - Domain Interface    1.00E-03    0.0 %
 Topology - Global              2.50E-02    0.6 %
 Topology - Element/Face/Patch  1.01E-01    2.3 %
 Topology - Vertex              5.00E-03    0.1 %
 Data Compression               1.00E-03    0.0 %
 Variable Updates               2.00E-03    0.0 %
 File Writing                   5.30E-02    1.2 %
 Miscellaneous                  3.33E+00   77.3 %
                                --------
 Total                          4.31E+00

 +--------------------------------------------------------------------+
 |                   Job Information at End of Run                    |
 +--------------------------------------------------------------------+

 Host computer:  DESKTOP-N31IODP (PID:9208)

 Job finished:   Sat Nov 11 09:40:09 2023

 Total wall clock time: 3.726E+00 seconds
             or: (          0:         0:         0:     3.726 )
                 (       Days:     Hours:   Minutes:   Seconds )

 
 +--------------------------------------------------------------------+
 |                                                                    |
 |                               Solver                               |
 |                                                                    |
 +--------------------------------------------------------------------+
 



 +--------------------------------------------------------------------+
 |                                                                    |
 |                       ANSYS(R) CFX(R) Solver                       |
 |                                                                    |
 | 2022 R2                                                            |
 | Build 22.2 2022-05-16T13:53:36.075406                              |
 | Mon May 16 15:48:02 EDT 2022                                       |
 |                                                                    |
 |                        Executable Attributes                       |
 |                                                                    |
 |           single-64bit-int32-archfort-optimised-std-lcomp          |
 |                                                                    |
 | (C) 1996-2022 ANSYS, Inc.                                          |
 |                                                                    |
 | All rights reserved. Unauthorized use, distribution or duplication |
 | is prohibited. This product is subject to U.S. laws governing      |
 | export and re-export. For full Legal Notice, see documentation.    |
 +--------------------------------------------------------------------+




 +--------------------------------------------------------------------+
 |                  Job Information at Start of Run                   |
 +--------------------------------------------------------------------+

 Run mode:       parallel run (Intel(R) MPI Library 2018 Update 3)

 Job started:    Sat Nov 11 09:40:11 2023

 +--------------------------------------------------------------------+
 |                        License Information                         |
 +--------------------------------------------------------------------+
 
 License Cap:    ANSYS CFD Solver
 License ID:     DESKTOP-N31IODP-dspol-19860-000969
 
 License Cap:    ANSYS HPC Parallel
 License ID:     DESKTOP-N31IODP-dspol-19860-000980

 INFO: You are using an academic license.


 +--------------------------------------------------------------------+
 |         Initial Memory Allocation  (Actual usage may vary)         |
 +--------------------------------------------------------------------+

 Allocated storage in:    Mwords
                          Mbytes

 Partition | Real       | Integer    | Character | Logical  | Double
 ----------+------------+------------+-----------+----------+----------
   Minimum |      25.42 |       4.26 |      8.53 |     0.12 |     1.21
  (     4) |      96.99 |      16.24 |      8.13 |     0.46 |     9.22
 ----------+------------+------------+-----------+----------+----------
   Maximum |      25.68 |       4.38 |      8.53 |     0.12 |     1.21
  (    10) |      97.95 |      16.71 |      8.13 |     0.46 |     9.22
 ----------+------------+------------+-----------+----------+----------
   Average |      25.52 |       4.29 |      8.53 |     0.12 |     1.21
           |      97.37 |      16.38 |      8.13 |     0.46 |     9.22
 ----------+------------+------------+-----------+----------+----------
     Total |     255.25 |      42.93 |     85.27 |     1.20 |    12.08
           |     973.68 |     163.77 |     81.32 |     4.58 |    92.16
 ----------+------------+------------+-----------+----------+----------


 +--------------------------------------------------------------------+
 |            Host Memory Information (Mbytes): Solver                |
 +--------------------------------------------------------------------+
 |           Host         | Npart |   System    |  Allocated  |   %   |
 +------------------------+-------+-------------+-------------+-------+
 | DESKTOP-N31IODP        |   10  |    16189.72 |     1315.51 |  8.13 |
 +------------------------+-------+-------------+-------------+-------+

 +--------------------------------------------------------------------+
 |                      Process Affinity Summary                      |
 +--------------------------------------------------------------------+

 Note: Multiple hyperthreads used on   1 hosts.

 +--------------------------------------------------------------------+
 |                       ****** Notice ******                         |
 |                                                                    |
 | One or more expert parameters have been enabled. Note that expert  |
 | parameters are intended for use only by customers who are          |
 | experienced in the use of CFX, or who have been instructed to use  |
 | them by ANSYS Customer Support. Use of the parameters is not fully |
 | supported, and may have unexpected or unintended consequences both |
 | for the quality of results and the performance of the CFX-Solver.  |
 +--------------------------------------------------------------------+


 +--------------------------------------------------------------------+
 |                     ****** Notice ******                           |
 | The Wall Heat Transfer Coefficient written to the results file for |
 | any turbulent phase with heat transfer is based on the turbulent   |
 | wall function coefficient. It is consistent with the Wall Heat Flux|
 | the wall temperature, and the Wall Adjacent Temperature            |
 | (near-wall temperature).  If you would like it to be based on a    |
 | user-specified bulk temperature instead, please set the expert     |
 | parameter "tbulk for htc = <value>".                               |
 +--------------------------------------------------------------------+

 +--------------------------------------------------------------------+
 |                      Topology Simplification                       |
 +--------------------------------------------------------------------+

 +--------------------------------------------------------------------+
 |                       ****** Warning ******                        |
 |                                                                    |
 | Topology simplification is activated with the following            |
 | restrictions:                                                      |
 |                                                                    |
 | - Mesh regions referenced only within User Fortran and NOT         |
 |   in the command file will cause the solver to stop.               |
 | - The solver will stop during any "Edit Run in Progress" step      |
 |   if new 2D regions are referenced.                                |
 +--------------------------------------------------------------------+

 +--------------------------------------------------------------------+
 |                          Mesh Statistics                           |
 +--------------------------------------------------------------------+
 | Domain Name          | Orthog. Angle | Exp. Factor  | Aspect Ratio |
 +----------------------+---------------+--------------+--------------+
 |                      | Minimum [deg] |   Maximum    |    Maximum   |
 +----------------------+---------------+--------------+--------------+
 | Default Domain       |       42.9 ok |       794  ! |   2590276  ! |
 +----------------------+---------------+--------------+--------------+
 |                      |  %!  %ok  %OK | %!  %ok  %OK | %!  %ok  %OK |
 +----------------------+---------------+--------------+--------------+
 | Default Domain       |   0   <1  100 | <1   <1  100 | 60   23   17 |
 +----------------------+---------------+--------------+--------------+

 Domain Name : Default Domain

     Total Number of Nodes                                =      400216

     Total Number of Elements                             =      199192
         Total Number of Hexahedrons                      =      199192

     Total Number of Faces                                =      400218

 +--------------------------------------------------------------------+
 |                     Average Scale Information                      |
 +--------------------------------------------------------------------+

 Domain Name : Default Domain
     Global Length                                         = 6.7808E+00
     Minimum Extent                                        = 1.0000E+00
     Maximum Extent                                        = 2.3200E+01
     Density                                               = 1.1850E+00
     Dynamic Viscosity                                     = 1.8310E-05
     Velocity                                              = 6.3476E+01
     Advection Time                                        = 1.0683E-01
     Reynolds Number                                       = 2.7856E+07
     Thermal Conductivity                                  = 2.6100E-02
     Specific Heat Capacity at Constant Pressure           = 1.0044E+03
     Prandtl Number                                        = 7.0462E-01

 +--------------------------------------------------------------------+
 |                Checking for Isolated Fluid Regions                 |
 +--------------------------------------------------------------------+
 
 No isolated fluid regions were found.

 +--------------------------------------------------------------------+
 |              The Equations Solved in This Calculation              |
 +--------------------------------------------------------------------+

 Subsystem : Momentum and Mass

   U-Mom
   V-Mom
   W-Mom
   P-Mass

 Subsystem : Heat Transfer

   H-Energy

 Subsystem : TurbKE and TurbFreq

   K-TurbKE
   O-TurbFreq
                   
 CFD Solver started: Sat Nov 11 09:40:16 2023


 +--------------------------------------------------------------------+
 |                       Convergence History                          |
 +--------------------------------------------------------------------+

 ======================================================================
 |                        Timescale Information                       |
 ----------------------------------------------------------------------
 |       Equation       |         Type          |      Timescale      |
 +----------------------+-----------------------+---------------------+
 | U-Mom                | Auto Timescale        |     3.20475E-02     |
 | V-Mom                | Auto Timescale        |     3.20475E-02     |
 | W-Mom                | Auto Timescale        |     3.20475E-02     |
 +----------------------+-----------------------+---------------------+
 | H-Energy             | Auto Timescale        |     3.20475E-02     |
 +----------------------+-----------------------+---------------------+
 | K-TurbKE             | Auto Timescale        |     3.20475E-02     |
 | O-TurbFreq           | Auto Timescale        |     3.20475E-02     |
 +----------------------+-----------------------+---------------------+

 ======================================================================
 OUTER LOOP ITERATION =    1                    CPU SECONDS = 5.746E+01
 ----------------------------------------------------------------------
 |       Equation       | Rate | RMS Res | Max Res |  Linear Solution |
 +----------------------+------+---------+---------+------------------+
 | U-Mom                | 0.00 | 1.5E-03 | 4.3E-02 |       1.4E-01  ok|
 | V-Mom                | 0.00 | 3.2E-04 | 1.4E-02 |       3.5E-01  ok|
 | W-Mom                | 0.00 | 0.0E+00 | 0.0E+00 |       0.0E+00  OK|
 | P-Mass               | 0.00 | 3.0E-02 | 1.8E+00 |  9.3  7.0E-02  OK|
 +----------------------+------+---------+---------+------------------+
 | H-Energy             | 0.00 | 1.7E-03 | 1.4E-01 |  5.8  1.6E-02  OK|
 +----------------------+------+---------+---------+------------------+
 | K-TurbKE             | 0.00 | 4.9E-02 | 1.1E-01 |  5.8  3.2E-05  OK|
 | O-TurbFreq           | 0.00 | 1.1E-02 | 1.0E+00 | 25.1  2.0E-03  OK|
 +----------------------+------+---------+---------+------------------+

 ======================================================================
 OUTER LOOP ITERATION =    2                    CPU SECONDS = 1.112E+02
 ----------------------------------------------------------------------
 |       Equation       | Rate | RMS Res | Max Res |  Linear Solution |
 +----------------------+------+---------+---------+------------------+
 | U-Mom                | 2.70 | 4.2E-03 | 1.5E-01 |       1.2E-01  ok|
 | V-Mom                | 8.77 | 2.8E-03 | 1.2E-01 |       4.3E-02  OK|
 | W-Mom                | 0.00 | 0.0E+00 | 0.0E+00 |       0.0E+00  OK|
 | P-Mass               | 0.07 | 2.0E-03 | 9.1E-02 |  9.3  9.7E-02  OK|
 +----------------------+------+---------+---------+------------------+
 | H-Energy             | 3.56 | 6.0E-03 | 3.3E-01 |  5.8  1.5E-02  OK|
 +----------------------+------+---------+---------+------------------+
 | K-TurbKE             | 2.58 | 1.3E-01 | 2.4E+00 |  5.8  1.4E-04  OK|
 | O-TurbFreq           | 2.31 | 2.4E-02 | 4.6E-01 | 10.6  1.2E-07  OK|
 +----------------------+------+---------+---------+------------------+

 ======================================================================
 OUTER LOOP ITERATION =    3                    CPU SECONDS = 1.548E+02
 ----------------------------------------------------------------------
 |       Equation       | Rate | RMS Res | Max Res |  Linear Solution |
 +----------------------+------+---------+---------+------------------+
 | U-Mom                | 0.63 | 2.6E-03 | 7.7E-02 |       1.6E-01  ok|
 | V-Mom                | 0.32 | 8.9E-04 | 5.2E-02 |       6.6E-02  OK|
 | W-Mom                | 0.00 | 0.0E+00 | 0.0E+00 |       0.0E+00  OK|
 | P-Mass               | 1.05 | 2.1E-03 | 1.3E-01 |  9.3  7.3E-02  OK|
 +----------------------+------+---------+---------+------------------+
 | H-Energy             | 1.28 | 7.7E-03 | 5.4E-01 |  5.8  1.4E-02  OK|
 +----------------------+------+---------+---------+------------------+
 | K-TurbKE             | 0.09 | 1.2E-02 | 9.3E-01 |  5.8  7.3E-04  OK|
 | O-TurbFreq           | 0.49 | 1.2E-02 | 2.2E-01 | 10.6  3.5E-07  OK|
 +----------------------+------+---------+---------+------------------+

 ======================================================================
 OUTER LOOP ITERATION =    4                    CPU SECONDS = 1.986E+02
 ----------------------------------------------------------------------
 |       Equation       | Rate | RMS Res | Max Res |  Linear Solution |
 +----------------------+------+---------+---------+------------------+
 | U-Mom                | 0.60 | 1.6E-03 | 4.3E-02 |       9.6E-02  OK|
 | V-Mom                | 0.56 | 5.0E-04 | 2.2E-02 |       4.1E-02  OK|
 | W-Mom                | 0.00 | 0.0E+00 | 0.0E+00 |       0.0E+00  OK|
 | P-Mass               | 0.25 | 5.3E-04 | 3.1E-02 | 13.5  7.2E-02  OK|
 +----------------------+------+---------+---------+------------------+
 | H-Energy             | 0.27 | 2.1E-03 | 1.3E-01 |  5.8  5.5E-02  OK|
 +----------------------+------+---------+---------+------------------+
 | K-TurbKE             | 0.92 | 1.1E-02 | 9.2E-01 |  5.8  8.5E-03  OK|
 | O-TurbFreq           | 0.48 | 5.7E-03 | 1.1E-01 | 10.6  1.1E-06  OK|
 +----------------------+------+---------+---------+------------------+

 ======================================================================
 OUTER LOOP ITERATION =    5                    CPU SECONDS = 2.459E+02
 ----------------------------------------------------------------------
 |       Equation       | Rate | RMS Res | Max Res |  Linear Solution |
 +----------------------+------+---------+---------+------------------+
 | U-Mom                | 0.70 | 1.1E-03 | 3.2E-02 |       4.1E-02  OK|
 | V-Mom                | 0.87 | 4.4E-04 | 2.1E-02 |       4.9E-02  OK|
 | W-Mom                | 0.00 | 0.0E+00 | 0.0E+00 |       0.0E+00  OK|
 | P-Mass               | 0.46 | 2.5E-04 | 1.7E-02 | 17.7  8.6E-02  OK|
 +----------------------+------+---------+---------+------------------+
 | H-Energy             | 0.82 | 1.7E-03 | 1.5E-01 |  5.8  7.3E-02  OK|
 +----------------------+------+---------+---------+------------------+
 | K-TurbKE             | 0.95 | 1.0E-02 | 8.6E-01 |  5.8  1.5E-02  OK|
 | O-TurbFreq           | 0.47 | 2.7E-03 | 5.0E-02 | 10.6  4.5E-06  OK|
 +----------------------+------+---------+---------+------------------+


 Execution terminating: STP file found.
 


                   
 CFD Solver finished: Sat Nov 11 09:40:40 2023
 CFD Solver wall clock seconds: 2.4126E+01

 ======================================================================
              Termination and Interrupt Condition Summary
 ======================================================================
    
 CFD Solver: Stop instruction received

 ======================================================================
              Boundary Flow and Total Source Term Summary
 ======================================================================

 +--------------------------------------------------------------------+
 |                               U-Mom                                |
 +--------------------------------------------------------------------+
 Boundary         : Farfield                               -1.7443E-09
 Boundary         : Flap                                   -2.4662E+02
 Boundary         : Inlet                                   3.4436E+04
 Boundary         : Outlet                                 -3.4332E+04
 Boundary         : Symmetry                               -1.7735E-06
 Boundary         : Wing                                   -2.2941E+02
                                                           -----------
 Domain Imbalance :                                        -3.7248E+02

 +--------------------------------------------------------------------+
 |                               V-Mom                                |
 +--------------------------------------------------------------------+
 Boundary         : Farfield                               -2.0796E+02
 Boundary         : Flap                                   -3.9740E+02
 Boundary         : Inlet                                   2.8946E+03
 Boundary         : Outlet                                 -1.8097E+02
 Boundary         : Symmetry                                7.0568E-06
 Boundary         : Wing                                   -2.4024E+03
                                                           -----------
 Domain Imbalance :                                        -2.9409E+02

 +--------------------------------------------------------------------+
 |                               W-Mom                                |
 +--------------------------------------------------------------------+
 Boundary         : Farfield                                2.3077E-22
 Boundary         : Flap                                    4.8045E-07
 Boundary         : Inlet                                  -1.6711E-02
 Boundary         : Outlet                                  9.5373E-09
 Boundary         : Symmetry                                1.2500E-01
 Boundary         : Wing                                   -7.5106E-06
                                                           -----------
 Domain Imbalance :                                         1.0828E-01

 +--------------------------------------------------------------------+
 |                               P-Mass                               |
 +--------------------------------------------------------------------+
 Boundary         : Inlet                                   1.0832E+03
 Boundary         : Outlet                                 -1.0832E+03
                                                           -----------
 Domain Imbalance :                                         2.4414E-04

 +--------------------------------------------------------------------+
 |                              H-Energy                              |
 +--------------------------------------------------------------------+
 Boundary         : Inlet                                  -3.4207E+06
 Bnd Src/Visc Work: Inlet                                  -6.2445E-04
 Boundary         : Outlet                                  3.4207E+06
 Bnd Src/Visc Work: Outlet                                  3.0374E-04
 Domain Src (Neg) : Default Domain                         -7.4996E+03
 Domain Src (Pos) : Default Domain                          7.4996E+03
                                                           -----------
 Domain Imbalance :                                         7.5000E+00


 +--------------------------------------------------------------------+
 |                     Normalised Imbalance Summary                   |
 +--------------------------------------------------------------------+
 |       Equation       |      Maximum Flow     |     Imbalance (%)   |
 +--------------------------------------------------------------------+
 | U-Mom                |       3.4436E+04      |       -1.0817       |
 | V-Mom                |       3.4436E+04      |       -0.8540       |
 | W-Mom                |       3.4436E+04      |        0.0003       |
 | P-Mass               |       1.0832E+03      |        0.0000       |
 +----------------------+-----------------------+---------------------+
 | H-Energy             |       3.4207E+06      |        0.0002       |
 +----------------------+-----------------------+---------------------+

 ======================================================================
                     Wall Force and Moment Summary
 ======================================================================
                                                                          
 Notes:
 1. Pressure integrals exclude the reference pressure.  To include
    it, set the expert parameter 'include pref in forces = t'.


 +--------------------------------------------------------------------+
 |                      Pressure Force On Walls                       |
 +--------------------------------------------------------------------+
                                    X-Comp.      Y-Comp.      Z-Comp.

 Domain Group: Default Domain

 Farfield                         0.0000E+00   2.0795E+02   0.0000E+00
 Flap                             1.6184E+02   4.3583E+02  -4.8085E-07
 Wing                            -1.0383E+01   2.4102E+03   7.5192E-06
                                  -----------  -----------  -----------
 Domain Group Totals :            1.5146E+02   3.0540E+03   7.0383E-06


 +--------------------------------------------------------------------+
 |                       Viscous Force On Walls                       |
 +--------------------------------------------------------------------+
                                    X-Comp.      Y-Comp.      Z-Comp.

 Domain Group: Default Domain

 Farfield                         1.7443E-09  -1.4449E-05  -2.3077E-22
 Flap                             8.4786E+01  -3.8432E+01   4.0423E-10
 Wing                             2.3979E+02  -7.8307E+00  -8.5610E-09
                                  -----------  -----------  -----------
 Domain Group Totals :            3.2458E+02  -4.6263E+01  -8.1568E-09


 +--------------------------------------------------------------------+
 |                      Pressure Moment On Walls                      |
 +--------------------------------------------------------------------+
                                    X-Comp.      Y-Comp.      Z-Comp.

 Domain Group: Default Domain

 Farfield                        -1.0413E+02   0.0000E+00  -5.5115E+03
 Flap                            -2.1797E+02   8.0904E+01   2.8006E+02
 Wing                            -1.2045E+03  -5.3140E+00   5.0734E+02
                                  -----------  -----------  -----------
 Domain Group Totals :           -1.5266E+03   7.5590E+01  -4.7241E+03


 +--------------------------------------------------------------------+
 |                       Viscous Moment On Walls                      |
 +--------------------------------------------------------------------+
                                    X-Comp.      Y-Comp.      Z-Comp.

 Domain Group: Default Domain

 Farfield                         7.1935E-06   8.7458E-10   2.3439E-04
 Flap                             1.9217E+01   4.2393E+01  -1.6957E+01
 Wing                             3.8896E+00   1.1991E+02  -5.8751E+00
                                  -----------  -----------  -----------
 Domain Group Totals :            2.3106E+01   1.6230E+02  -2.2832E+01


 +--------------------------------------------------------------------+
 |                   Locations of Maximum Residuals                   |
 +--------------------------------------------------------------------+
 |       Equation       |      Domain Name      |     Node Number     |
 +--------------------------------------------------------------------+
 | U-Mom                | Default Domain        |          38860      |
 | V-Mom                | Default Domain        |          37040      |
 | W-Mom                | Default Domain        |              1      |
 | P-Mass               | Default Domain        |         169699      |
 +----------------------+-----------------------+---------------------+
 | H-Energy             | Default Domain        |          38860      |
 +----------------------+-----------------------+---------------------+
 | K-TurbKE             | Default Domain        |          57010      |
 | O-TurbFreq           | Default Domain        |         168160      |
 +----------------------+-----------------------+---------------------+

 ======================================================================
 |                     False Transient Information                    |
 +--------------------------------------------------------------------+
 |       Equation       |         Type          | Elapsed Pseudo-Time |
 +--------------------------------------------------------------------+
 | U-Mom                | Auto Timescale        |     1.60238E-01     |
 | V-Mom                | Auto Timescale        |     1.60238E-01     |
 | W-Mom                | Auto Timescale        |     1.60238E-01     |
 +----------------------+-----------------------+---------------------+
 | H-Energy             | Auto Timescale        |     1.60238E-01     |
 +----------------------+-----------------------+---------------------+
 | K-TurbKE             | Auto Timescale        |     1.60238E-01     |
 | O-TurbFreq           | Auto Timescale        |     1.60238E-01     |
 +----------------------+-----------------------+---------------------+

 +--------------------------------------------------------------------+
 |                     Average Scale Information                      |
 +--------------------------------------------------------------------+

 Domain Name : Default Domain
     Global Length                                         = 6.7808E+00
     Minimum Extent                                        = 1.0000E+00
     Maximum Extent                                        = 2.3200E+01
     Density                                               = 1.1850E+00
     Dynamic Viscosity                                     = 1.8310E-05
     Velocity                                              = 6.3145E+01
     Advection Time                                        = 1.0739E-01
     Reynolds Number                                       = 2.7711E+07
     Thermal Conductivity                                  = 2.6100E-02
     Specific Heat Capacity at Constant Pressure           = 1.0044E+03
     Prandtl Number                                        = 7.0462E-01
     Temperature Range                                     = 1.4181E+01

 +--------------------------------------------------------------------+
 |                     Variable Range Information                     |
 +--------------------------------------------------------------------+

 Domain Name : Default Domain
 +--------------------------------------------------------------------+
 |      Variable Name                         |    min    |    max    |
 +--------------------------------------------------------------------+
 | Density                                    |  1.18E+00 |  1.18E+00 |
 | Specific Heat Capacity at Constant Pressure|  1.00E+03 |  1.00E+03 |
 | Dynamic Viscosity                          |  1.83E-05 |  1.83E-05 |
 | Thermal Conductivity                       |  2.61E-02 |  2.61E-02 |
 | Static Entropy                             | -5.76E+01 | -8.21E+00 |
 | Velocity u                                 | -2.64E+01 |  1.46E+02 |
 | Velocity v                                 | -3.42E+01 |  1.20E+02 |
 | Velocity w                                 |  0.00E+00 |  0.00E+00 |
 | Pressure                                   | -1.60E+04 |  1.75E+02 |
 | Turbulence Kinetic Energy                  |  5.82E-26 |  7.93E+00 |
 | Turbulence Eddy Frequency                  |  3.19E+03 |  5.88E+09 |
 | Eddy Viscosity                             |  3.20E-34 |  1.53E-04 |
 | Temperature                                |  2.82E+02 |  2.96E+02 |
 | Static Enthalpy                            | -1.67E+04 | -2.44E+03 |
 | Total Enthalpy                             | -5.39E+03 | -2.05E+03 |
 +--------------------------------------------------------------------+


 +--------------------------------------------------------------------+
 |            Host Memory Information (Mbytes): Solver                |
 +--------------------------------------------------------------------+
 |           Host         | Npart |   System    |    Peak     |   %   |
 +------------------------+-------+-------------+-------------+-------+
 | DESKTOP-N31IODP        |   10  |    16189.72 |     1668.66 | 10.31 |
 +------------------------+-------+-------------+-------------+-------+

 +--------------------------------------------------------------------+
 |              CPU Time Requirements of Solver - Total               |
 +--------------------------------------------------------------------+
 
 Subsystem Name                  Discretization       Linear Solution
                                (secs.   %total)     (secs.   %total) 
 ----------------------------------------------------------------------
 Momentum and Mass              1.03E+02  13.1 %     4.84E+01   6.1 %
 Heat Transfer                  2.26E+01   2.9 %     7.22E+00   0.9 %
 TurbKE and TurbFreq            2.35E+01   3.0 %     1.69E+01   2.1 %
                                -------- -------     --------  ------
 Subsystem Summary              1.49E+02  18.9 %     7.25E+01   9.2 %

 File Reading                   1.62E+01    2.1 %
 Search Calculations            3.00E-03    0.0 %
 Variable Updates               1.75E+01    2.2 %
 File Writing                   4.89E+02   62.1 %
 Miscellaneous                  4.38E+01    5.6 %
                                --------
 Total                          7.88E+02

 +--------------------------------------------------------------------+
 |                   Job Information at End of Run                    |
 +--------------------------------------------------------------------+

 Job finished:   Sat Nov 11 09:41:29 2023

 Total wall clock time: 7.793E+01 seconds
             or: (          0:         0:         1:    17.927 )
                 (       Days:     Hours:   Minutes:   Seconds )



 --> Final synchronization point reached by all partitions.
End of solution stage.

 +--------------------------------------------------------------------+
 | The results from this run of the ANSYS CFX Solver have been        |
 | written to C:\Users\dspol\Desktop\Safety\aoa_6_004.res             |
 +--------------------------------------------------------------------+


This run of the ANSYS CFX Solver has finished.
